{
  "RSpec": {
    "coverage": {
      "/Users/Henny/Development/CraftAcademy/ca_rails_messaging/app/controllers/application_controller.rb": [
        0,
        0,
        0,
        0,
        0,
        0,
        0,
        0,
        0,
        0,
        0,
        0,
        0,
        0,
        0,
        0,
        0,
        0,
        0,
        0,
        0,
        0,
        0,
        0,
        0,
        0
      ],
      "/Users/Henny/Development/CraftAcademy/ca_rails_messaging/app/controllers/conversations_controller.rb": [
        0,
        0,
        0,
        0,
        0,
        0,
        0,
        0,
        0,
        0,
        0,
        0,
        0,
        0,
        0,
        0,
        0,
        0,
        0,
        0,
        0,
        0,
        0,
        0,
        0,
        0,
        0,
        0,
        0,
        0,
        0,
        0,
        0,
        0,
        0,
        0,
        0,
        0,
        0,
        0,
        0,
        0,
        0,
        0,
        0,
        0
      ],
      "/Users/Henny/Development/CraftAcademy/ca_rails_messaging/app/controllers/mailbox_controller.rb": [
        0,
        0,
        0,
        0,
        0,
        0,
        0,
        0,
        0,
        0,
        0,
        0,
        0,
        0,
        0,
        0,
        0,
        0
      ],
      "/Users/Henny/Development/CraftAcademy/ca_rails_messaging/app/controllers/welcome_controller.rb": [
        0,
        0,
        0,
        0
      ],
      "/Users/Henny/Development/CraftAcademy/ca_rails_messaging/app/helpers/application_helper.rb": [
        0,
        0,
        0,
        0,
        0,
        0,
        0,
        0,
        0,
        0,
        0,
        0,
        0
      ],
      "/Users/Henny/Development/CraftAcademy/ca_rails_messaging/app/helpers/mailbox_helper.rb": [
        0,
        0,
        0,
        0,
        0,
        0,
        0
      ],
      "/Users/Henny/Development/CraftAcademy/ca_rails_messaging/app/models/user.rb": [
        0,
        0,
        0,
        0,
        0,
        0,
        0,
        0,
        0,
        0,
        0,
        0,
        0,
        0,
        0,
        0,
        0,
        0,
        0,
        0,
        0,
        0,
        0,
        0
      ]
    },
    "timestamp": 1473235493
  },
  "Cucumber Features": {
    "coverage": {
      "/Users/Henny/Development/CraftAcademy/ca_rails_messaging/app/models/user.rb": [
        1,
        null,
        1,
        null,
        null,
        1,
        null,
        null,
        1,
        1,
        1,
        null,
        1,
        null,
        1,
        0,
        null,
        null,
        1,
        0,
        null,
        null,
        null,
        null
      ],
      "/Users/Henny/Development/CraftAcademy/ca_rails_messaging/app/controllers/welcome_controller.rb": [
        1,
        1,
        null,
        null
      ],
      "/Users/Henny/Development/CraftAcademy/ca_rails_messaging/app/controllers/application_controller.rb": [
        1,
        null,
        null,
        1,
        null,
        1,
        null,
        1,
        null,
        1,
        null,
        1,
        0,
        null,
        null,
        1,
        0,
        null,
        null,
        1,
        null,
        1,
        2,
        2,
        null,
        null
      ],
      "/Users/Henny/Development/CraftAcademy/ca_rails_messaging/app/helpers/application_helper.rb": [
        1,
        1,
        1,
        1,
        0,
        0,
        0,
        null,
        null,
        1,
        0,
        null,
        null
      ],
      "/Users/Henny/Development/CraftAcademy/ca_rails_messaging/app/helpers/mailbox_helper.rb": [
        1,
        1,
        null,
        null,
        0,
        null,
        null
      ],
      "/Users/Henny/Development/CraftAcademy/ca_rails_messaging/app/controllers/conversations_controller.rb": [
        0,
        0,
        0,
        0,
        0,
        0,
        0,
        0,
        0,
        0,
        0,
        0,
        0,
        0,
        0,
        0,
        0,
        0,
        0,
        0,
        0,
        0,
        0,
        0,
        0,
        0,
        0,
        0,
        0,
        0,
        0,
        0,
        0,
        0,
        0,
        0,
        0,
        0,
        0,
        0,
        0,
        0,
        0,
        0,
        0,
        0
      ],
      "/Users/Henny/Development/CraftAcademy/ca_rails_messaging/app/controllers/mailbox_controller.rb": [
        0,
        0,
        0,
        0,
        0,
        0,
        0,
        0,
        0,
        0,
        0,
        0,
        0,
        0,
        0,
        0,
        0,
        0
      ]
    },
    "timestamp": 1473235493
  }
}
